<?xml version="1.0" encoding="UTF-8"?>
<testng-results ignored="0" total="1" passed="1" failed="0" skipped="0">
  <reporter-output>
  </reporter-output>
  <suite started-at="2025-07-06T17:52:40 COT" name="Default suite" finished-at="2025-07-06T17:52:46 COT" duration-ms="6076">
    <groups>
    </groups>
    <test started-at="2025-07-06T17:52:40 COT" name="Default test" finished-at="2025-07-06T17:52:46 COT" duration-ms="6076">
      <class name="Launch.Launch_Avianca">
        <test-method is-config="true" signature="beforeClass()[pri:0, instance:Launch.Launch_Avianca@557caf28]" started-at="2025-07-06T17:52:40 COT" name="beforeClass" finished-at="2025-07-06T17:52:46 COT" duration-ms="6045" status="PASS">
          <reporter-output>
          </reporter-output>
        </test-method> <!-- beforeClass -->
        <test-method signature="f()[pri:0, instance:Launch.Launch_Avianca@557caf28]" started-at="2025-07-06T17:52:46 COT" name="f" finished-at="2025-07-06T17:52:46 COT" duration-ms="4" status="PASS">
          <reporter-output>
          </reporter-output>
        </test-method> <!-- f -->
        <test-method is-config="true" signature="afterClass()[pri:0, instance:Launch.Launch_Avianca@557caf28]" started-at="2025-07-06T17:52:46 COT" name="afterClass" finished-at="2025-07-06T17:52:46 COT" duration-ms="0" status="PASS">
          <reporter-output>
          </reporter-output>
        </test-method> <!-- afterClass -->
      </class> <!-- Launch.Launch_Avianca -->
    </test> <!-- Default test -->
  </suite> <!-- Default suite -->
</testng-results>
